[
  [
    "for.body.1",
    "else.0",
    "for.body.5",
    "then.18",
    "else.7",
    "for.cond.1"
  ],
  [ "else.18", "for.cond.5", "for.body.5" ],
  [
    "for.end.5",  "then.7",     "endif.7",    "for.cond.1",
    "for.body.1", "else.0",     "for.body.5", "then.18",
    "else.7",     "for.cond.1", "for.body.1", "else.0",
    "for.body.5", "else.18",    "for.cond.5", "for.body.5",
    "then.18",    "else.7",     "for.cond.1", "for.body.1",
    "else.0",     "for.body.5", "then.18",    "else.7",
    "for.cond.1", "for.body.1", "else.0",     "for.body.5",
    "else.18",    "for.cond.5", "for.body.5", "else.18",
    "for.cond.5", "for.body.5", "else.18",    "for.cond.5",
    "for.body.5", "else.18",    "for.cond.5", "for.body.5",
    "else.18",    "for.cond.5", "for.body.5", "else.18",
    "for.cond.5", "for.body.5", "else.18",    "for.cond.5",
    "for.body.5", "else.18",    "for.cond.5", "for.body.5",
    "else.18",    "for.cond.5", "for.body.5", "else.18",
    "for.cond.5", "for.body.5", "else.18",    "for.cond.5",
    "for.body.5", "else.18",    "for.cond.5", "for.body.5",
    "else.18",    "for.cond.5", "for.body.5", "else.18",
    "for.cond.5", "for.body.5", "else.18",    "for.cond.5"
  ]
]
