[
  [ "else.0", "else.7", "else.12" ],
  [
    "for.body.0", "else.0",
    "else.7",     "else.12",
    "else.0",     "else.7",
    "else.12",    "else.0",
    "else.7",     "then.12",
    "else.7",     "for.cond.0"
  ],
  [
    "then.7",     "endif.7",    "for.cond.0", "for.body.0",
    "else.0",     "else.7",     "else.12",    "else.0",
    "else.7",     "else.12",    "else.0",     "else.7",
    "then.12",    "else.7",     "for.cond.0", "for.body.0",
    "else.0",     "else.7",     "else.12",    "else.0",
    "else.7",     "then.12",    "else.7",     "for.cond.0",
    "for.body.0", "else.0",     "else.7",     "else.12",
    "else.0",     "else.7",     "then.12",    "else.7",
    "for.cond.0", "for.body.0", "else.0",     "else.7",
    "else.12",    "else.0",     "else.7",     "else.12",
    "else.0",     "else.7",     "else.12",    "else.0",
    "else.7",     "then.12"
  ]
]
